0 info it worked if it ends with ok
1 verbose cli [ 'C:\\Program Files\\nodejs\\node.exe',
1 verbose cli   'C:\\Program Files\\nodejs\\node_modules\\npm\\bin\\npm-cli.js',
1 verbose cli   'start' ]
2 info using npm@3.6.0
3 info using node@v5.6.0
4 verbose run-script [ 'prestart', 'start', 'poststart' ]
5 info lifecycle hyoa@0.0.1~prestart: hyoa@0.0.1
6 silly lifecycle hyoa@0.0.1~prestart: no script for prestart, continuing
7 info lifecycle hyoa@0.0.1~start: hyoa@0.0.1
8 verbose lifecycle hyoa@0.0.1~start: unsafe-perm in lifecycle true
9 verbose lifecycle hyoa@0.0.1~start: PATH: C:\Program Files\nodejs\node_modules\npm\bin\node-gyp-bin;E:\workSpaces\hyoa\node_modules\.bin;C:\Users\Administrator\bin;C:\Program Files\Git\mingw64\bin;C:\Program Files\Git\usr\local\bin;C:\Program Files\Git\usr\bin;C:\Program Files\Git\usr\bin;C:\Program Files\Git\mingw64\bin;C:\Program Files\Git\usr\bin;C:\Users\Administrator\bin;C:\Python27;C:\Python27\Scripts;C:\Ruby22\bin;C:\Windows\system32;C:\Windows;C:\Windows\System32\Wbem;C:\Windows\System32\WindowsPowerShell\v1.0;C:\Program Files\Git\usr\bin;C:\Program Files\TortoiseSVN\bin;C:\Program Files\nodejs;C:\Users\Administrator\AppData\Roaming\npm;C:\Program Files\Git\usr\bin\vendor_perl;C:\Program Files\Git\usr\bin\core_perl
10 verbose lifecycle hyoa@0.0.1~start: CWD: E:\workSpaces\hyoa
11 silly lifecycle hyoa@0.0.1~start: Args: [ '/d /s /c',
11 silly lifecycle   'cross-env NODE_ENV=development NODE_PATH=./app concurrently --kill-others "nodemon app/server" "node webpack.dev.js" "gulp css:watch"' ]
12 silly lifecycle hyoa@0.0.1~start: Returned: code: 1  signal: null
13 info lifecycle hyoa@0.0.1~start: Failed to exec start script
14 verbose stack Error: hyoa@0.0.1 start: `cross-env NODE_ENV=development NODE_PATH=./app concurrently --kill-others "nodemon app/server" "node webpack.dev.js" "gulp css:watch"`
14 verbose stack Exit status 1
14 verbose stack     at EventEmitter.<anonymous> (C:\Program Files\nodejs\node_modules\npm\lib\utils\lifecycle.js:232:16)
14 verbose stack     at emitTwo (events.js:100:13)
14 verbose stack     at EventEmitter.emit (events.js:185:7)
14 verbose stack     at ChildProcess.<anonymous> (C:\Program Files\nodejs\node_modules\npm\lib\utils\spawn.js:24:14)
14 verbose stack     at emitTwo (events.js:100:13)
14 verbose stack     at ChildProcess.emit (events.js:185:7)
14 verbose stack     at maybeClose (internal/child_process.js:827:16)
14 verbose stack     at Process.ChildProcess._handle.onexit (internal/child_process.js:211:5)
15 verbose pkgid hyoa@0.0.1
16 verbose cwd E:\workSpaces\hyoa
17 error Windows_NT 6.1.7601
18 error argv "C:\\Program Files\\nodejs\\node.exe" "C:\\Program Files\\nodejs\\node_modules\\npm\\bin\\npm-cli.js" "start"
19 error node v5.6.0
20 error npm  v3.6.0
21 error code ELIFECYCLE
22 error hyoa@0.0.1 start: `cross-env NODE_ENV=development NODE_PATH=./app concurrently --kill-others "nodemon app/server" "node webpack.dev.js" "gulp css:watch"`
22 error Exit status 1
23 error Failed at the hyoa@0.0.1 start script 'cross-env NODE_ENV=development NODE_PATH=./app concurrently --kill-others "nodemon app/server" "node webpack.dev.js" "gulp css:watch"'.
23 error Make sure you have the latest version of node.js and npm installed.
23 error If you do, this is most likely a problem with the hyoa package,
23 error not with npm itself.
23 error Tell the author that this fails on your system:
23 error     cross-env NODE_ENV=development NODE_PATH=./app concurrently --kill-others "nodemon app/server" "node webpack.dev.js" "gulp css:watch"
23 error You can get information on how to open an issue for this project with:
23 error     npm bugs hyoa
23 error Or if that isn't available, you can get their info via:
23 error     npm owner ls hyoa
23 error There is likely additional logging output above.
24 verbose exit [ 1, true ]
